<?xml version="1.0" encoding="UTF-8" ?>
<testsuite tests="37" failures="0" name="nz.ac.aut.ense701.gameModel.PlayerTest" time="0.016" errors="0" skipped="0">
  <properties>
    <property name="java.runtime.name" value="Java(TM) SE Runtime Environment"/>
    <property name="sun.boot.library.path" value="C:\Program Files\Java\jdk1.8.0_121\jre\bin"/>
    <property name="java.vm.version" value="25.121-b13"/>
    <property name="java.vm.vendor" value="Oracle Corporation"/>
    <property name="java.vendor.url" value="http://java.oracle.com/"/>
    <property name="path.separator" value=";"/>
    <property name="guice.disable.misplaced.annotation.check" value="true"/>
    <property name="java.vm.name" value="Java HotSpot(TM) Client VM"/>
    <property name="file.encoding.pkg" value="sun.io"/>
    <property name="user.script" value=""/>
    <property name="user.country" value="US"/>
    <property name="sun.java.launcher" value="SUN_STANDARD"/>
    <property name="sun.os.patch.level" value="Service Pack 1"/>
    <property name="java.vm.specification.name" value="Java Virtual Machine Specification"/>
    <property name="user.dir" value="F:\p2\workspace_j2ee_sts\KiwiIsland"/>
    <property name="java.runtime.version" value="1.8.0_121-b13"/>
    <property name="java.awt.graphicsenv" value="sun.awt.Win32GraphicsEnvironment"/>
    <property name="java.endorsed.dirs" value="C:\Program Files\Java\jdk1.8.0_121\jre\lib\endorsed"/>
    <property name="os.arch" value="x86"/>
    <property name="java.io.tmpdir" value="C:\Users\ADMINI~1\AppData\Local\Temp\"/>
    <property name="line.separator" value="
"/>
    <property name="java.vm.specification.vendor" value="Oracle Corporation"/>
    <property name="user.variant" value=""/>
    <property name="os.name" value="Windows 7"/>
    <property name="maven.ext.class.path" value="C:\Program Files\NetBeans 8.2\java\maven-nblib\netbeans-eventspy.jar"/>
    <property name="classworlds.conf" value="C:\Program Files\NetBeans 8.2\java\maven\bin\m2.conf"/>
    <property name="sun.jnu.encoding" value="GBK"/>
    <property name="java.library.path" value="C:\Program Files\Java\jdk1.8.0_121\bin;C:\Windows\Sun\Java\bin;C:\Windows\system32;C:\Windows;C:\ProgramData\Oracle\Java\javapath;C:\Program Files\Common Files\Microsoft Shared\Windows Live;C:\Windows\system32;C:\Windows;C:\Windows\System32\Wbem;C:\Windows\System32\WindowsPowerShell\v1.0\;C:\Program Files\Windows Live\Shared;%JAVA_HOME\bin;C:\Program Files\Windows Kits\8.1\Windows Performance Toolkit\;C:\Program Files\Microsoft SQL Server\110\Tools\Binn\;C:\Program Files\Git\cmd;%M2%;C:\Program Files\mysql-5.7.17-win32\bin;."/>
    <property name="java.specification.name" value="Java Platform API Specification"/>
    <property name="java.class.version" value="52.0"/>
    <property name="sun.management.compiler" value="HotSpot Client Compiler"/>
    <property name="os.version" value="6.1"/>
    <property name="user.home" value="C:\Users\Administrator"/>
    <property name="user.timezone" value="Pacific/Auckland"/>
    <property name="java.awt.printerjob" value="sun.awt.windows.WPrinterJob"/>
    <property name="java.specification.version" value="1.8"/>
    <property name="file.encoding" value="GBK"/>
    <property name="user.name" value="Administrator"/>
    <property name="java.class.path" value="C:\Program Files\NetBeans 8.2\java\maven\boot\plexus-classworlds-2.4.jar"/>
    <property name="java.vm.specification.version" value="1.8"/>
    <property name="sun.arch.data.model" value="32"/>
    <property name="java.home" value="C:\Program Files\Java\jdk1.8.0_121\jre"/>
    <property name="sun.java.command" value="org.codehaus.plexus.classworlds.launcher.Launcher -Dmaven.ext.class.path=C:\Program Files\NetBeans 8.2\java\maven-nblib\netbeans-eventspy.jar clean install"/>
    <property name="java.specification.vendor" value="Oracle Corporation"/>
    <property name="user.language" value="en"/>
    <property name="awt.toolkit" value="sun.awt.windows.WToolkit"/>
    <property name="java.vm.info" value="mixed mode"/>
    <property name="java.version" value="1.8.0_121"/>
    <property name="java.ext.dirs" value="C:\Program Files\Java\jdk1.8.0_121\jre\lib\ext;C:\Windows\Sun\Java\lib\ext"/>
    <property name="sun.boot.class.path" value="C:\Program Files\Java\jdk1.8.0_121\jre\lib\resources.jar;C:\Program Files\Java\jdk1.8.0_121\jre\lib\rt.jar;C:\Program Files\Java\jdk1.8.0_121\jre\lib\sunrsasign.jar;C:\Program Files\Java\jdk1.8.0_121\jre\lib\jsse.jar;C:\Program Files\Java\jdk1.8.0_121\jre\lib\jce.jar;C:\Program Files\Java\jdk1.8.0_121\jre\lib\charsets.jar;C:\Program Files\Java\jdk1.8.0_121\jre\lib\jfr.jar;C:\Program Files\Java\jdk1.8.0_121\jre\classes"/>
    <property name="java.vendor" value="Oracle Corporation"/>
    <property name="maven.home" value="C:\Program Files\NetBeans 8.2\java\maven"/>
    <property name="file.separator" value="\"/>
    <property name="java.vendor.url.bug" value="http://bugreport.sun.com/bugreport/"/>
    <property name="sun.cpu.endian" value="little"/>
    <property name="sun.io.unicode.encoding" value="UnicodeLittle"/>
    <property name="sun.desktop" value="windows"/>
    <property name="sun.cpu.isalist" value="pentium_pro+mmx pentium_pro pentium+mmx pentium i486 i386 i86"/>
  </properties>
  <testcase classname="nz.ac.aut.ense701.gameModel.PlayerTest" name="testGetPosition" time="0"/>
  <testcase classname="nz.ac.aut.ense701.gameModel.PlayerTest" name="testMoveToPositionEnoughStamina" time="0"/>
  <testcase classname="nz.ac.aut.ense701.gameModel.PlayerTest" name="testDropInvalidItem" time="0"/>
  <testcase classname="nz.ac.aut.ense701.gameModel.PlayerTest" name="testGetMaximumBackpackWeight" time="0"/>
  <testcase classname="nz.ac.aut.ense701.gameModel.PlayerTest" name="testDropValidItem" time="0"/>
  <testcase classname="nz.ac.aut.ense701.gameModel.PlayerTest" name="testGetCurrentBackpackWeightEmpty" time="0"/>
  <testcase classname="nz.ac.aut.ense701.gameModel.PlayerTest" name="testhasStaminaToMoveNotEnoughStaminaPartlyFullBackpack" time="0"/>
  <testcase classname="nz.ac.aut.ense701.gameModel.PlayerTest" name="testKill" time="0"/>
  <testcase classname="nz.ac.aut.ense701.gameModel.PlayerTest" name="testIncreaseStaminaPastZero" time="0"/>
  <testcase classname="nz.ac.aut.ense701.gameModel.PlayerTest" name="testReduceStamina" time="0"/>
  <testcase classname="nz.ac.aut.ense701.gameModel.PlayerTest" name="testGetInventory" time="0"/>
  <testcase classname="nz.ac.aut.ense701.gameModel.PlayerTest" name="testGetMaximumBackpackSize" time="0"/>
  <testcase classname="nz.ac.aut.ense701.gameModel.PlayerTest" name="testhasItemNoItem" time="0"/>
  <testcase classname="nz.ac.aut.ense701.gameModel.PlayerTest" name="testGetName" time="0"/>
  <testcase classname="nz.ac.aut.ense701.gameModel.PlayerTest" name="testGetTrap" time="0"/>
  <testcase classname="nz.ac.aut.ense701.gameModel.PlayerTest" name="testhasStaminaToMoveNotEnoughStaminaFullBackpack" time="0"/>
  <testcase classname="nz.ac.aut.ense701.gameModel.PlayerTest" name="testGetStaminaLevel" time="0"/>
  <testcase classname="nz.ac.aut.ense701.gameModel.PlayerTest" name="testIncreaseStaminaByNegative" time="0"/>
  <testcase classname="nz.ac.aut.ense701.gameModel.PlayerTest" name="testMoveToPositionNotEnoughStamina" time="0"/>
  <testcase classname="nz.ac.aut.ense701.gameModel.PlayerTest" name="testReduceStaminaPastZero" time="0"/>
  <testcase classname="nz.ac.aut.ense701.gameModel.PlayerTest" name="testCollectItemMaxWeight" time="0"/>
  <testcase classname="nz.ac.aut.ense701.gameModel.PlayerTest" name="testhasStaminaToMoveNotEnoughStaminaForTerrain" time="0"/>
  <testcase classname="nz.ac.aut.ense701.gameModel.PlayerTest" name="testhasStaminaToMoveEnoughStamina" time="0"/>
  <testcase classname="nz.ac.aut.ense701.gameModel.PlayerTest" name="testGetCurrentBackpackSizeEmpty" time="0"/>
  <testcase classname="nz.ac.aut.ense701.gameModel.PlayerTest" name="testCollectItemTooBig" time="0"/>
  <testcase classname="nz.ac.aut.ense701.gameModel.PlayerTest" name="testHasTrapWithTrap" time="0"/>
  <testcase classname="nz.ac.aut.ense701.gameModel.PlayerTest" name="testGetCurrentBackpackSizeNotEmpty" time="0"/>
  <testcase classname="nz.ac.aut.ense701.gameModel.PlayerTest" name="testCollectDuplicateItem" time="0"/>
  <testcase classname="nz.ac.aut.ense701.gameModel.PlayerTest" name="testCollectValidItemThatFits" time="0"/>
  <testcase classname="nz.ac.aut.ense701.gameModel.PlayerTest" name="testHasTrapNoTrap" time="0"/>
  <testcase classname="nz.ac.aut.ense701.gameModel.PlayerTest" name="testIncreaseStamina" time="0"/>
  <testcase classname="nz.ac.aut.ense701.gameModel.PlayerTest" name="testCollectItemTooHeavy" time="0"/>
  <testcase classname="nz.ac.aut.ense701.gameModel.PlayerTest" name="testIsAlive" time="0"/>
  <testcase classname="nz.ac.aut.ense701.gameModel.PlayerTest" name="testhasItemWithItem" time="0"/>
  <testcase classname="nz.ac.aut.ense701.gameModel.PlayerTest" name="testGetCurrentBackpackWeightNotEmpty" time="0"/>
  <testcase classname="nz.ac.aut.ense701.gameModel.PlayerTest" name="testReduceStaminaByNegative" time="0"/>
  <testcase classname="nz.ac.aut.ense701.gameModel.PlayerTest" name="testGetMaximumStaminaLevel" time="0"/>
</testsuite>